<component name="libraryTable">
  <library name="junit-4.12">
    <CLASSES>
      <root url="jar://$PROJECT_DIR$/day19/web/WEB-INF/lib/junit-4.12.jar!/" />
      <root url="jar://$PROJECT_DIR$/day19/web/WEB-INF/lib/log4j-1.2.17.jar!/" />
      <root url="jar://$PROJECT_DIR$/day19/web/WEB-INF/lib/lombok-1.18.16.jar!/" />
      <root url="jar://$PROJECT_DIR$/day19/web/WEB-INF/lib/mybatis-3.4.4.jar!/" />
      <root url="jar://$PROJECT_DIR$/day19/web/WEB-INF/lib/mysql-connector-java-5.1.7-bin.jar!/" />
      <root url="jar://$PROJECT_DIR$/day19/web/WEB-INF/lib/slf4j-api-1.7.25.jar!/" />
      <root url="jar://$PROJECT_DIR$/day19/web/WEB-INF/lib/slf4j-log4j12-1.7.25.jar!/" />
      <root url="jar://$PROJECT_DIR$/day19/web/WEB-INF/lib/taglibs-standard-impl-1.2.1.jar!/" />
      <root url="jar://$PROJECT_DIR$/day19/web/WEB-INF/lib/taglibs-standard-spec-1.2.1.jar!/" />
    </CLASSES>
    <JAVADOC />
    <SOURCES />
  </library>
</component>